<?xml version="1.0" encoding="UTF-8"?>
<!-- Generated by org.testng.reporters.JUnitReportReporter -->
<testsuite hostname="LAPTOP-T9CRRMMA" failures="0" tests="1" name="tests.TestMethod_LeasingPage" time="1.462" errors="0" timestamp="2023-01-08T21:52:45 EET" skipped="0">
  <testcase classname="tests.TestMethod_LeasingPage" name="LeasingTest" time="1.462"/>
  <system-out/>
</testsuite> <!-- tests.TestMethod_LeasingPage -->
