<?xml version="1.0" encoding="UTF-8"?>
<!-- Generated by org.testng.reporters.JUnitReportReporter -->
<testsuite hostname="DESKTOP-5EC242S" failures="0" tests="1" name="tests.TestMethod_SecureConnection" time="0.019" errors="0" timestamp="2023-01-09T10:24:55 EET" skipped="0">
  <testcase classname="tests.TestMethod_SecureConnection" name="testConnectionSecurity" time="0.019"/>
  <system-out/>
</testsuite> <!-- tests.TestMethod_SecureConnection -->
